-------------------------------------------------------------------------------
Test set: org.vvss.project.AppTest
-------------------------------------------------------------------------------
Tests run: 3, Failures: 1, Errors: 0, Skipped: 0, Time elapsed: 0.007 s <<< FAILURE! - in org.vvss.project.AppTest
testAddStudent(org.vvss.project.AppTest)  Time elapsed: 0.004 s  <<< FAILURE!
java.lang.AssertionError: expected null, but was:<15 Merceee 935 nrt@scs.ubbcluj.com Teacher>
	at org.vvss.project.AppTest.testAddStudent(AppTest.java:44)

