<?xml version="1.0" encoding="UTF-8"?>
<testsuite xmlns:xsi="http://www.w3.org/2001/XMLSchema-instance" xsi:noNamespaceSchemaLocation="https://maven.apache.org/surefire/maven-surefire-plugin/xsd/surefire-test-report.xsd" name="org.vvss.project.AppTest" time="0.007" tests="3" errors="0" skipped="0" failures="1">
  <properties>
[...]
</properties>
  <testcase name="shouldAnswerWithTrue" classname="org.vvss.project.AppTest" time="0"/>
  <testcase name="testAddStudent" classname="org.vvss.project.AppTest" time="0.004">
    <failure message="expected null, but was:&lt;15 Merceee 935 nrt@scs.ubbcluj.com Teacher&gt;" type="java.lang.AssertionError"><![CDATA[java.lang.AssertionError: expected null, but was:<15 Merceee 935 nrt@scs.ubbcluj.com Teacher>
	at org.vvss.project.AppTest.testAddStudent(AppTest.java:44)
]]></failure>
  </testcase>
  <testcase name="testAddStudentInvalid" classname="org.vvss.project.AppTest" time="0.001"/>
</testsuite>