<?xml version="1.0" encoding="UTF-8"?>
<testsuite xmlns:xsi="http://www.w3.org/2001/XMLSchema-instance" xsi:noNamespaceSchemaLocation="https://maven.apache.org/surefire/maven-surefire-plugin/xsd/surefire-test-report.xsd" name="org.vvss.project.TestAssignment" time="0.021" tests="14" errors="0" skipped="0" failures="0">
  <properties>
[...]
</properties>
  <testcase name="testEmptyDescription" classname="org.vvss.project.TestAssignment" time="0.002"/>
  <testcase name="testIdDeadlineInvalid" classname="org.vvss.project.TestAssignment" time="0.001"/>
  <testcase name="testAssignmentIdNull" classname="org.vvss.project.TestAssignment" time="0.001"/>
  <testcase name="testAllInvalid" classname="org.vvss.project.TestAssignment" time="0.001"/>
  <testcase name="testDeadlineDeliverInvalid" classname="org.vvss.project.TestAssignment" time="0.001"/>
  <testcase name="testDeadlineWeekSmallerThanDeliverWeek" classname="org.vvss.project.TestAssignment" time="0.001"/>
  <testcase name="testDeliverWeekBiggerThan14" classname="org.vvss.project.TestAssignment" time="0.001"/>
  <testcase name="testDeadlineWeekBiggerThan14" classname="org.vvss.project.TestAssignment" time="0.001"/>
  <testcase name="testIdDeliverInvalid" classname="org.vvss.project.TestAssignment" time="0.001"/>
  <testcase name="testDeliverWeekSmallerThan1" classname="org.vvss.project.TestAssignment" time="0.001"/>
  <testcase name="testAssignmentIdSmallerThan1" classname="org.vvss.project.TestAssignment" time="0.001"/>
  <testcase name="testDescriptionNull" classname="org.vvss.project.TestAssignment" time="0.001"/>
  <testcase name="testAssignmentValid" classname="org.vvss.project.TestAssignment" time="0.003"/>
  <testcase name="testDeadlineWeekSmallerThan1" classname="org.vvss.project.TestAssignment" time="0.001"/>
</testsuite>