<?xml version="1.0" encoding="UTF-8"?>
<testsuite xmlns:xsi="http://www.w3.org/2001/XMLSchema-instance" xsi:noNamespaceSchemaLocation="https://maven.apache.org/surefire/maven-surefire-plugin/xsd/surefire-test-report.xsd" name="org.vvss.project.TestAssignment" time="0.024" tests="14" errors="0" skipped="0" failures="0">
  <properties>
[...]
</properties>
  <testcase name="testAddStudentNameNull" classname="org.vvss.project.TestAssignment" time="0.002"/>
  <testcase name="testAddStudentGroupNegativeNumber" classname="org.vvss.project.TestAssignment" time="0.001"/>
  <testcase name="addStudentProfessorNull" classname="org.vvss.project.TestAssignment" time="0.001"/>
  <testcase name="testAddStudentEmailEmpty" classname="org.vvss.project.TestAssignment" time="0.001"/>
  <testcase name="testAddStudentIdNegative" classname="org.vvss.project.TestAssignment" time="0.001"/>
  <testcase name="testAddStudentGroupInvalid" classname="org.vvss.project.TestAssignment" time="0.002"/>
  <testcase name="addStudentProfessorEmpty" classname="org.vvss.project.TestAssignment" time="0.001"/>
  <testcase name="addStudentEmailNull" classname="org.vvss.project.TestAssignment" time="0.001"/>
  <testcase name="testAddStudentIdEmpty" classname="org.vvss.project.TestAssignment" time="0.001"/>
  <testcase name="addStudentEmailInvalid" classname="org.vvss.project.TestAssignment" time="0.001"/>
  <testcase name="testAddStudentNameNotValid" classname="org.vvss.project.TestAssignment" time="0.001"/>
  <testcase name="testAddStudentIdNaN" classname="org.vvss.project.TestAssignment" time="0.001"/>
  <testcase name="testAddStudentValid" classname="org.vvss.project.TestAssignment" time="0.003"/>
  <testcase name="testAddStudentIdNull" classname="org.vvss.project.TestAssignment" time="0.001"/>
</testsuite>